<?xml version="1.0" encoding="UTF-8"?>
<!-- Generated by org.testng.reporters.JUnitXMLReporter -->
<testsuite hostname="BDC6-DX-6B89NK2" ignored="0" name="Default test" tests="4" failures="0" timestamp="23 Sep 2019 09:07:27 GMT" time="37.744" errors="0">
  <testcase name="testRegistration" time="2.933" classname="com.test.Day4_1"/>
  <testcase name="testLogin" time="0.463" classname="com.test.Day4_1"/>
  <testcase name="testCart" time="11.887" classname="com.test.Day4_1"/>
  <testcase name="testPayment" time="11.15" classname="com.test.Day4_1"/>
</testsuite> <!-- Default test -->
